[03-Jun-2018 13:39:05 Europe/Berlin] PHP Notice:  Undefined variable: id in F:\xampp\htdocs\Webbanhang\apps\libs\header.php on line 128
[03-Jun-2018 13:39:05 Europe/Berlin] PHP Notice:  Undefined index:  in F:\xampp\htdocs\Webbanhang\apps\libs\header.php on line 128
[03-Jun-2018 13:39:16 Europe/Berlin] PHP Notice:  Undefined variable: id in F:\xampp\htdocs\Webbanhang\apps\libs\header.php on line 150
[03-Jun-2018 13:39:16 Europe/Berlin] PHP Notice:  Undefined index:  in F:\xampp\htdocs\Webbanhang\apps\libs\header.php on line 150
[29-Oct-2023 12:25:45 UTC] PHP Warning:  Undefined variable $row in C:\wamp64\www\Webbanhang2\chitiet.php on line 149
[29-Oct-2023 12:25:45 UTC] PHP Stack trace:
[29-Oct-2023 12:25:45 UTC] PHP   1. {main}() C:\wamp64\www\Webbanhang2\chitiet.php:0
[29-Oct-2023 12:25:45 UTC] PHP Warning:  Trying to access array offset on value of type null in C:\wamp64\www\Webbanhang2\chitiet.php on line 149
[29-Oct-2023 12:25:45 UTC] PHP Stack trace:
[29-Oct-2023 12:25:45 UTC] PHP   1. {main}() C:\wamp64\www\Webbanhang2\chitiet.php:0
[29-Oct-2023 12:26:18 UTC] PHP Warning:  Undefined variable $row in C:\wamp64\www\Webbanhang2\chitiet.php on line 149
[29-Oct-2023 12:26:18 UTC] PHP Stack trace:
[29-Oct-2023 12:26:18 UTC] PHP   1. {main}() C:\wamp64\www\Webbanhang2\chitiet.php:0
[29-Oct-2023 12:26:18 UTC] PHP Warning:  Trying to access array offset on value of type null in C:\wamp64\www\Webbanhang2\chitiet.php on line 149
[29-Oct-2023 12:26:18 UTC] PHP Stack trace:
[29-Oct-2023 12:26:18 UTC] PHP   1. {main}() C:\wamp64\www\Webbanhang2\chitiet.php:0
[29-Oct-2023 12:27:57 UTC] PHP Warning:  Undefined variable $row in C:\wamp64\www\Webbanhang2\chitiet.php on line 151
[29-Oct-2023 12:27:57 UTC] PHP Stack trace:
[29-Oct-2023 12:27:57 UTC] PHP   1. {main}() C:\wamp64\www\Webbanhang2\chitiet.php:0
[29-Oct-2023 12:27:57 UTC] PHP Warning:  Trying to access array offset on value of type null in C:\wamp64\www\Webbanhang2\chitiet.php on line 151
[29-Oct-2023 12:27:57 UTC] PHP Stack trace:
[29-Oct-2023 12:27:57 UTC] PHP   1. {main}() C:\wamp64\www\Webbanhang2\chitiet.php:0
[29-Oct-2023 12:34:58 UTC] PHP Warning:  Undefined variable $row in C:\wamp64\www\Webbanhang2\chitiet.php on line 153
[29-Oct-2023 12:34:58 UTC] PHP Stack trace:
[29-Oct-2023 12:34:58 UTC] PHP   1. {main}() C:\wamp64\www\Webbanhang2\chitiet.php:0
[29-Oct-2023 12:34:58 UTC] PHP Warning:  Trying to access array offset on value of type null in C:\wamp64\www\Webbanhang2\chitiet.php on line 153
[29-Oct-2023 12:34:58 UTC] PHP Stack trace:
[29-Oct-2023 12:34:58 UTC] PHP   1. {main}() C:\wamp64\www\Webbanhang2\chitiet.php:0
[29-Oct-2023 12:35:30 UTC] PHP Warning:  Undefined variable $row in C:\wamp64\www\Webbanhang2\chitiet.php on line 153
[29-Oct-2023 12:35:30 UTC] PHP Stack trace:
[29-Oct-2023 12:35:30 UTC] PHP   1. {main}() C:\wamp64\www\Webbanhang2\chitiet.php:0
[29-Oct-2023 12:35:30 UTC] PHP Warning:  Trying to access array offset on value of type null in C:\wamp64\www\Webbanhang2\chitiet.php on line 153
[29-Oct-2023 12:35:30 UTC] PHP Stack trace:
[29-Oct-2023 12:35:30 UTC] PHP   1. {main}() C:\wamp64\www\Webbanhang2\chitiet.php:0
[29-Oct-2023 12:40:19 UTC] PHP Warning:  Undefined variable $result in C:\wamp64\www\Webbanhang2\chitiet.php on line 153
[29-Oct-2023 12:40:19 UTC] PHP Stack trace:
[29-Oct-2023 12:40:19 UTC] PHP   1. {main}() C:\wamp64\www\Webbanhang2\chitiet.php:0
[29-Oct-2023 12:40:19 UTC] PHP Fatal error:  Uncaught TypeError: mysqli_num_rows(): Argument #1 ($result) must be of type mysqli_result, null given in C:\wamp64\www\Webbanhang2\chitiet.php:153
Stack trace:
#0 C:\wamp64\www\Webbanhang2\chitiet.php(153): mysqli_num_rows(NULL)
#1 {main}
  thrown in C:\wamp64\www\Webbanhang2\chitiet.php on line 153
[29-Oct-2023 12:52:22 UTC] PHP Warning:  Undefined variable $id_menu in C:\wamp64\www\Webbanhang2\chitiet.php on line 153
[29-Oct-2023 12:52:22 UTC] PHP Stack trace:
[29-Oct-2023 12:52:22 UTC] PHP   1. {main}() C:\wamp64\www\Webbanhang2\chitiet.php:0
[29-Oct-2023 12:52:22 UTC] PHP Warning:  Undefined variable $id_menu in C:\wamp64\www\Webbanhang2\chitiet.php on line 153
[29-Oct-2023 12:52:22 UTC] PHP Stack trace:
[29-Oct-2023 12:52:22 UTC] PHP   1. {main}() C:\wamp64\www\Webbanhang2\chitiet.php:0
[29-Oct-2023 12:52:22 UTC] PHP Warning:  Undefined variable $start in C:\wamp64\www\Webbanhang2\chitiet.php on line 153
[29-Oct-2023 12:52:22 UTC] PHP Stack trace:
[29-Oct-2023 12:52:22 UTC] PHP   1. {main}() C:\wamp64\www\Webbanhang2\chitiet.php:0
[29-Oct-2023 12:52:22 UTC] PHP Warning:  Undefined variable $litmit in C:\wamp64\www\Webbanhang2\chitiet.php on line 153
[29-Oct-2023 12:52:22 UTC] PHP Stack trace:
[29-Oct-2023 12:52:22 UTC] PHP   1. {main}() C:\wamp64\www\Webbanhang2\chitiet.php:0
